warning: No library characterized for (process = 1.00 voltage = 0.85 temperature = 25.00) can be found in the database for power domain '/PD_TOP'  [NL-174]
Report Power (instances with prefix '*' are included in total) : 
-----+------------------------+--------------------+---------------------+-------------------+-----------------
     | Instance               | Internal Power(uw) | Switching Power(uw) | Leakage Power(uw) | Total Power(uw) 
-----+------------------------+--------------------+---------------------+-------------------+-----------------
1    |*fp                     |            9.061745|            34.081188|           0.972734|        44.115669
2    |*finish_reg             |            1.153274|             1.411039|           0.079112|         2.643426
3    |*finish_reg_enable_mux_0|            1.198402|             0.401328|           0.035928|         1.635659
4    |*i_0_6                  |           24.256565|            13.168959|           0.845204|        38.270729
5    |*i_0_7                  |           16.839329|            10.238273|           1.209316|        28.286917
6    |*i_0_8                  |           16.842855|            10.327032|           1.209316|        28.379204
7    |*i_0_0_0                |            2.040633|             1.123120|           0.061230|         3.224983
8    |*i_0_0_1                |            0.706803|             0.360555|           0.061230|         1.128587
9    |*i_0_0_2                |            0.845867|             0.416459|           0.061230|         1.323556
10   |*i_0_0_3                |            0.856594|             0.514521|           0.021200|         1.392315
11   |*i_0_0_4                |            0.757310|             0.334439|           0.025066|         1.116815
12   |*i_0_0_5                |            0.441574|             0.198824|           0.025066|         0.665464
13   |*i_0_0_6                |            0.718301|             0.322983|           0.025066|         1.066349
14   |*i_0_0_7                |            0.073014|             0.033313|           0.025066|         0.131394
15   |*i_0_0_8                |            0.732993|             0.327203|           0.025066|         1.085262
16   |*i_0_0_9                |            0.732993|             0.327203|           0.025066|         1.085262
17   |*i_0_0_10               |            0.732993|             0.327203|           0.025066|         1.085262
18   |*i_0_0_11               |            0.732993|             0.327203|           0.025066|         1.085262
19   |*i_0_0_12               |            0.618193|             0.269320|           0.025066|         0.912579
20   |*i_0_0_13               |            0.371359|             0.269320|           0.021200|         0.661878
21   |*i_0_0_14               |            0.622520|             0.269320|           0.025066|         0.916906
22   |*i_0_0_15               |            0.622520|             0.269320|           0.025066|         0.916906
23   |*i_0_0_16               |            0.622520|             0.269320|           0.025066|         0.916906
24   |*i_0_0_17               |            0.622520|             0.269320|           0.025066|         0.916906
25   |*i_0_0_18               |            0.622520|             0.269320|           0.025066|         0.916906
26   |*i_0_0_19               |            0.622520|             0.269320|           0.025066|         0.916906
27   |*i_0_0_20               |            0.622520|             0.269320|           0.025066|         0.916906
28   |*i_0_0_21               |            0.622520|             0.269320|           0.025066|         0.916906
29   |*i_0_0_22               |            0.622520|             0.269320|           0.025066|         0.916906
30   |*i_0_0_23               |            0.622520|             0.269320|           0.025066|         0.916906
31   |*i_0_0_24               |            0.622520|             0.269320|           0.025066|         0.916906
32   |*i_0_0_25               |            0.622520|             0.269320|           0.025066|         0.916906
33   |*i_0_0_26               |            0.622520|             0.269320|           0.025066|         0.916906
34   |*i_0_0_27               |            0.622520|             0.269320|           0.025066|         0.916906
35   |*i_0_0_28               |            0.611906|             0.263893|           0.025066|         0.900865
36   |*i_0_0_29               |            1.835100|             0.565921|           0.035928|         2.436949
37   |*i_0_0_30               |            1.835100|             0.565921|           0.035928|         2.436949
38   |*i_0_0_31               |            1.835100|             0.565921|           0.035928|         2.436949
39   |*i_0_0_32               |            1.835100|             0.565921|           0.035928|         2.436949
40   |*i_0_0_33               |            1.835100|             0.565921|           0.035928|         2.436949
41   |*i_0_0_34               |            1.835100|             0.565921|           0.035928|         2.436949
42   |*i_0_0_35               |            1.835100|             0.565921|           0.035928|         2.436949
43   |*i_0_0_36               |            1.835100|             0.565921|           0.035928|         2.436949
44   |*i_0_0_37               |            1.835100|             0.565921|           0.035928|         2.436949
45   |*i_0_0_38               |            1.835100|             0.565921|           0.035928|         2.436949
46   |*i_0_0_39               |            1.833811|             0.565920|           0.035928|         2.435660
47   |*i_0_0_40               |            1.833811|             0.565920|           0.035928|         2.435660
48   |*i_0_0_41               |            1.833811|             0.565920|           0.035928|         2.435660
49   |*i_0_0_42               |            1.833811|             0.565920|           0.035928|         2.435660
50   |*i_0_0_43               |            1.560335|             0.446547|           0.035928|         2.042810
51   |*i_0_0_44               |            0.956282|             0.547109|           0.027858|         1.531249
52   |*i_0_0_45               |            1.631959|             1.285788|           0.043178|         2.960925
53   |*i_0_0_46               |            0.314022|             0.349882|           0.014353|         0.678257
54   |*i_0_0_47               |            1.002631|             5.110171|           0.047399|         6.160202
55   |*i_0_0_48               |            0.300522|             0.334840|           0.014353|         0.649715
56   |*i_0_0_49               |            0.964905|             4.890476|           0.047399|         5.902780
57   |*i_0_0_50               |            0.300969|             0.335338|           0.014353|         0.650660
58   |*i_0_0_51               |            0.969183|             4.897752|           0.047399|         5.914334
59   |*i_0_0_52               |            0.305852|             0.340779|           0.014353|         0.660984
60   |*i_0_0_53               |            0.986284|             4.977215|           0.047399|         6.010899
61   |*i_0_0_54               |            0.303383|             0.338029|           0.014353|         0.655765
62   |*i_0_0_55               |            0.978946|             4.937045|           0.047399|         5.963390
63   |*i_0_0_56               |            0.302247|             0.336763|           0.014353|         0.653363
64   |*i_0_0_57               |            0.975555|             4.918557|           0.047399|         5.941512
65   |*i_0_0_58               |            0.301744|             0.336201|           0.014353|         0.652298
66   |*i_0_0_59               |            0.974051|             4.910359|           0.047399|         5.931809
67   |*i_0_0_60               |            0.301524|             0.335956|           0.014353|         0.651833
68   |*i_0_0_61               |            0.973393|             4.906778|           0.047399|         5.927570
69   |*i_0_0_62               |            0.301428|             0.335850|           0.014353|         0.651631
70   |*i_0_0_63               |            0.973108|             4.905224|           0.047399|         5.925731
71   |*i_0_0_64               |            0.301387|             0.335804|           0.014353|         0.651544
72   |*i_0_0_65               |            0.972993|             4.904551|           0.047399|         5.924942
73   |*i_0_0_66               |            0.301369|             0.335784|           0.014353|         0.651506
74   |*i_0_0_67               |            0.973048|             4.904259|           0.047399|         5.924706
75   |*i_0_0_68               |            0.301361|             0.335775|           0.014353|         0.651489
76   |*i_0_0_69               |            0.972958|             4.904134|           0.047399|         5.924491
77   |*i_0_0_70               |            0.301358|             0.335771|           0.014353|         0.651482
78   |*i_0_0_71               |            0.972919|             4.904079|           0.047399|         5.924397
79   |*i_0_0_72               |            0.301356|             0.335770|           0.014353|         0.651479
80   |*i_0_0_73               |            0.972903|             4.904056|           0.047399|         5.924357
81   |*i_0_0_74               |            0.453024|             0.374185|           0.017393|         0.844603
82   |*i_0_0_75               |            0.264726|             0.487938|           0.017393|         0.770057
83   |*i_0_0_76               |            0.184203|             0.231130|           0.014353|         0.429686
84   |*i_0_0_77               |            0.506761|             3.568441|           0.032612|         4.107815
85   |*i_0_0_78               |            0.270099|             0.555420|           0.014353|         0.839872
86   |*i_0_0_79               |            0.339765|            12.957458|           0.021200|        13.318423
87   |*i_0_0_80               |            0.357812|             0.407096|           0.014353|         0.779261
88   |*i_0_0_81               |            0.515363|             7.000257|           0.017393|         7.533014
89   |*i_0_0_82               |            0.092435|             0.180298|           0.014353|         0.287086
90   |*i_0_0_83               |            0.193887|             4.498517|           0.026832|         4.719235
91   |*i_0_0_84               |            0.639437|             0.857377|           0.021200|         1.518014
92   |*i_0_0_85               |            0.437587|            12.472728|           0.021200|        12.931516
93   |*i_0_0_86               |            1.196332|             1.001533|           0.036441|         2.234307
94   |*i_0_0_87               |            0.419811|             1.689303|           0.014353|         2.123467
95   |*i_0_0_88               |            0.779101|            23.575275|           0.027858|        24.382235
96   |*i_0_0_89               |            1.128339|             0.351078|           0.022695|         1.502112
97   |*i_0_0_90               |            0.577098|             0.326249|           0.021200|         0.924547
98   |*i_0_0_91               |            0.554929|             0.779483|           0.014353|         1.348765
99   |*i_0_0_92               |            0.938999|             6.983611|           0.027858|         7.950469
100  |*i_0_0_93               |            0.055717|             0.322998|           0.014353|         0.393068
101  |*i_0_0_94               |            0.074285|             0.458533|           0.014353|         0.547171
102  |*i_0_0_95               |            0.796619|             5.558882|           0.014353|         6.369854
103  |*i_0_0_96               |            0.074286|             0.450470|           0.014353|         0.539109
104  |*clk_gate_mulResult_reg |            2.921112|             8.121838|           0.059138|        11.102087
105  |*mulResult_reg[31]      |            0.797368|             2.835291|           0.079112|         3.711771
106  |*mulResult_reg[30]      |            0.794159|             0.492607|           0.079112|         1.365879
107  |*mulResult_reg[29]      |            0.791844|             0.396061|           0.079112|         1.267017
108  |*mulResult_reg[28]      |            0.791519|             0.389336|           0.079112|         1.259968
109  |*mulResult_reg[27]      |            0.791552|             0.390028|           0.079112|         1.260693
110  |*mulResult_reg[26]      |            0.792427|             0.408134|           0.079112|         1.279673
111  |*mulResult_reg[25]      |            0.797738|             1.480355|           0.079112|         2.357205
112  |*mulResult_reg[24]      |            0.797738|             1.480355|           0.079112|         2.357205
113  |*mulResult_reg[23]      |            0.797738|             1.480355|           0.079112|         2.357205
114  |*mulResult_reg[22]      |            0.797738|             1.480355|           0.079112|         2.357205
115  |*mulResult_reg[21]      |            0.797738|             1.480355|           0.079112|         2.357205
116  |*mulResult_reg[20]      |            0.797738|             1.480355|           0.079112|         2.357205
117  |*mulResult_reg[19]      |            0.797738|             1.480355|           0.079112|         2.357205
118  |*mulResult_reg[18]      |            0.797738|             1.480355|           0.079112|         2.357205
119  |*mulResult_reg[17]      |            0.797738|             1.480355|           0.079112|         2.357205
120  |*mulResult_reg[16]      |            0.797738|             1.480355|           0.079112|         2.357205
121  |*mulResult_reg[15]      |            0.797738|             1.480355|           0.079112|         2.357205
122  |*mulResult_reg[14]      |            0.797738|             1.480355|           0.079112|         2.357205
123  |*mulResult_reg[13]      |            0.797738|             1.480355|           0.079112|         2.357205
124  |*mulResult_reg[12]      |            0.797738|             1.480355|           0.079112|         2.357205
125  |*mulResult_reg[11]      |            0.797738|             1.480355|           0.079112|         2.357205
126  |*i_reg[4]               |            0.667310|             1.465324|           0.079112|         2.211746
127  |*i_reg[3]               |            0.655343|             0.185182|           0.079112|         0.919637
128  |*i_reg[2]               |            0.491507|             0.138886|           0.079112|         0.709506
129  |*i_reg[1]               |            3.145647|             0.888872|           0.079112|         4.113631
130  |*i_reg[0]               |            3.188820|             2.058186|           0.079112|         5.326118
131  |*P_reg[31]              |            0.667270|             0.689553|           0.079112|         1.435935
132  |*P_reg[30]              |            0.667270|             0.689553|           0.079112|         1.435935
133  |*P_reg[29]              |            0.667270|             0.689553|           0.079112|         1.435935
134  |*P_reg[28]              |            0.667270|             0.689553|           0.079112|         1.435935
135  |*P_reg[27]              |            0.667270|             0.689553|           0.079112|         1.435935
136  |*P_reg[26]              |            0.667270|             0.689553|           0.079112|         1.435935
137  |*P_reg[25]              |            0.667270|             0.689553|           0.079112|         1.435935
138  |*P_reg[24]              |            0.667270|             0.689553|           0.079112|         1.435935
139  |*P_reg[23]              |            0.667270|             0.689553|           0.079112|         1.435935
140  |*P_reg[22]              |            0.667270|             0.689553|           0.079112|         1.435935
141  |*P_reg[21]              |            0.667270|             0.689553|           0.079112|         1.435935
142  |*P_reg[20]              |            0.667270|             0.689553|           0.079112|         1.435935
143  |*P_reg[19]              |            0.667270|             0.689553|           0.079112|         1.435935
144  |*P_reg[18]              |            0.667270|             0.689553|           0.079112|         1.435935
145  |*P_reg[17]              |            0.667395|             1.637673|           0.079112|         2.384181
146  |*P_reg[16]              |            0.657107|             0.222352|           0.079112|         0.958571
147  |*P_reg[15]              |            4.205485|             1.423051|           0.079112|         5.707648
148  |*P_reg[14]              |            4.205485|             1.423051|           0.079112|         5.707648
149  |*P_reg[13]              |            4.205485|             1.423051|           0.079112|         5.707648
150  |*P_reg[12]              |            4.205485|             1.423051|           0.079112|         5.707648
151  |*P_reg[11]              |            4.178817|             0.604963|           0.079112|         4.862893
152  |*P_reg[10]              |            4.178817|             0.604963|           0.079112|         4.862893
153  |*P_reg[9]               |            4.178817|             0.604963|           0.079112|         4.862893
154  |*P_reg[8]               |            4.178817|             0.604963|           0.079112|         4.862893
155  |*P_reg[7]               |            4.178817|             0.604963|           0.079112|         4.862893
156  |*P_reg[6]               |            4.178817|             0.604963|           0.079112|         4.862893
157  |*P_reg[5]               |            4.178817|             0.604963|           0.079112|         4.862893
158  |*P_reg[4]               |            4.178817|             0.604963|           0.079112|         4.862893
159  |*P_reg[3]               |            4.178817|             0.604963|           0.079112|         4.862893
160  |*P_reg[2]               |            4.178817|             0.604963|           0.079112|         4.862893
161  |*P_reg[1]               |            4.265073|             3.928259|           0.079112|         8.272445
162  |*P_reg[0]               |            0.500481|             1.094845|           0.079112|         1.674438
163  |*P_reg[32]              |            1.153054|             1.341924|           0.079112|         2.574090
164  |*P_reg[32]_enable_mux_0 |            1.172469|             0.376933|           0.035928|         1.585331
165  |*S_reg[32]              |            0.523045|             0.143457|           0.079112|         0.745614
166  |*S_reg[31]              |            0.524400|             0.171611|           0.079112|         0.775124
167  |*S_reg[30]              |            0.524400|             0.171611|           0.079112|         0.775124
168  |*S_reg[29]              |            0.524400|             0.171611|           0.079112|         0.775124
169  |*S_reg[28]              |            0.524400|             0.171611|           0.079112|         0.775124
170  |*S_reg[27]              |            0.524400|             0.171611|           0.079112|         0.775124
171  |*S_reg[26]              |            0.524400|             0.171611|           0.079112|         0.775124
172  |*S_reg[25]              |            0.524400|             0.171611|           0.079112|         0.775124
173  |*S_reg[24]              |            0.524400|             0.171611|           0.079112|         0.775124
174  |*S_reg[23]              |            0.524400|             0.171611|           0.079112|         0.775124
175  |*S_reg[22]              |            0.524400|             0.171611|           0.079112|         0.775124
176  |*S_reg[21]              |            0.524400|             0.171611|           0.079112|         0.775124
177  |*S_reg[20]              |            0.524400|             0.171611|           0.079112|         0.775124
178  |*S_reg[19]              |            0.524400|             0.171611|           0.079112|         0.775124
179  |*S_reg[18]              |            0.524400|             0.171611|           0.079112|         0.775124
180  |*A_reg[32]              |            0.523045|             0.143457|           0.079112|         0.745614
181  |*A_reg[31]              |            0.524400|             0.171611|           0.079112|         0.775124
182  |*A_reg[30]              |            0.524400|             0.171611|           0.079112|         0.775124
183  |*A_reg[29]              |            0.524400|             0.171611|           0.079112|         0.775124
184  |*A_reg[28]              |            0.524400|             0.171611|           0.079112|         0.775124
185  |*A_reg[27]              |            0.524400|             0.171611|           0.079112|         0.775124
186  |*A_reg[26]              |            0.524400|             0.171611|           0.079112|         0.775124
187  |*A_reg[25]              |            0.524400|             0.171611|           0.079112|         0.775124
188  |*A_reg[24]              |            0.524400|             0.171611|           0.079112|         0.775124
189  |*A_reg[23]              |            0.524400|             0.171611|           0.079112|         0.775124
190  |*A_reg[22]              |            0.524400|             0.171611|           0.079112|         0.775124
191  |*A_reg[21]              |            0.524400|             0.171611|           0.079112|         0.775124
192  |*A_reg[20]              |            0.524400|             0.171611|           0.079112|         0.775124
193  |*A_reg[19]              |            0.524400|             0.171611|           0.079112|         0.775124
194  |*A_reg[18]              |            0.524400|             0.171611|           0.079112|         0.775124
195  |*clk_gate_i_reg         |            2.618840|            12.107438|           0.059138|        14.785416
196  |*clk_gate_S_reg         |            2.476360|             8.084176|           0.059138|        10.619674
197  |*S_reg[17]              |            0.530591|             0.344438|           0.079112|         0.954141
198  |                        |                    |                     |                   |                 
199  |*TOTAL                  |          273.144928|           343.402496|          14.442009|       630.989441
-----+------------------------+--------------------+---------------------+-------------------+-----------------
