Report Physical info: 
------------------------+-------------+-----------+------------
                        |             |Area (squm)|Leakage (uW)
------------------------+-------------+-----------+------------
Design Name             |Comparitor   |           |            
  Total Instances       |          417|        608|      13.023
    Macros              |            0|          0|       0.000
    Pads                |            0|          0|       0.000
    Phys                |            0|          0|       0.000
    Blackboxes          |            0|          0|       0.000
    Cells               |          417|        608|      13.023
      Buffers           |            0|          0|       0.000
      Inverters         |           50|         27|       0.718
      Clock-Gates       |            3|         12|       0.177
      Combinational     |          335|        438|       9.834
      Latches           |            0|          0|       0.000
      FlipFlops         |           29|        131|       2.294
       Single-Bit FF    |           29|        131|       2.294
       Multi-Bit FF     |            0|          0|       0.000
       Clock-Gated      |           28|           |            
       Bits             |           29|        131|       2.294
         Load-Enabled   |            0|           |            
         Clock-Gated    |           28|           |            
  Tristate Pin Count    |            0|           |            
Physical Info           |Placed       |           |            
  Chip Size (mm x mm)   |0.093 x 0.093|       8566|            
  Fixed Cell Area       |             |          0|            
    Phys Only           |            0|          0|            
  Placeable Area        |             |       1046|            
  Movable Cell Area     |             |        608|            
  Utilization (%)       |           58|           |            
  Chip Utilization (%)  |           58|           |            
  Total Wire Length (mm)|        8.252|           |            
  Longest Wire (mm)     |        0.052|           |            
  Average Wire (mm)     |        0.049|           |            
------------------------+-------------+-----------+------------
