warning: No library characterized for (process = 1.00 voltage = 0.85 temperature = 25.00) can be found in the database for power domain '/PD_TOP'  [NL-174]
Report Power (instances with prefix '*' are included in total) : 
-----+----------------------+--------------------+---------------------+-------------------+-----------------
     | Instance             | Internal Power(uw) | Switching Power(uw) | Leakage Power(uw) | Total Power(uw) 
-----+----------------------+--------------------+---------------------+-------------------+-----------------
1    |*clk_gate_result_reg  |            0.563471|             0.247853|           0.059138|         0.870462
2    |*result_reg[3]        |            0.116213|             0.138121|           0.079112|         0.333446
3    |*result_reg[2]        |            0.116213|             0.138121|           0.079112|         0.333445
4    |*result_reg[1]        |            0.116213|             0.138121|           0.079112|         0.333445
5    |*result_reg[0]        |            0.116212|             0.137961|           0.079112|         0.333286
6    |*done_reg             |            1.155561|             2.128475|           0.079112|         3.363148
7    |*done_reg_enable_mux_0|            1.109359|             0.354839|           0.035928|         1.500126
8    |*maxIndex_reg[3]      |            0.491926|             0.067300|           0.079112|         0.638338
9    |*maxIndex_reg[2]      |            0.926935|             0.126812|           0.079112|         1.132859
10   |*maxIndex_reg[1]      |            0.926935|             0.126812|           0.079112|         1.132859
11   |*maxIndex_reg[0]      |            1.123095|             0.153649|           0.079112|         1.355856
12   |*max_reg[15]          |            4.203371|            19.429199|           0.079112|        23.711683
13   |*max_reg[14]          |            4.206004|             7.805240|           0.079112|        12.090356
14   |*max_reg[13]          |            4.206203|             7.805610|           0.079112|        12.090924
15   |*max_reg[12]          |            4.206203|             7.805610|           0.079112|        12.090924
16   |*max_reg[11]          |            4.206184|             7.805575|           0.079112|        12.090871
17   |*max_reg[10]          |            4.188571|             7.772890|           0.079112|        12.040573
18   |*max_reg[9]           |            4.205312|             9.224074|           0.079112|        13.508498
19   |*max_reg[8]           |            4.188571|             7.772890|           0.079112|        12.040573
20   |*max_reg[7]           |            4.205085|            10.646232|           0.079112|        14.930429
21   |*max_reg[6]           |            4.206184|             7.805575|           0.079112|        12.090871
22   |*max_reg[5]           |            4.205330|             9.224114|           0.079112|        13.508556
23   |*max_reg[4]           |            4.206203|             7.805610|           0.079112|        12.090924
24   |*max_reg[3]           |            4.204150|            14.917856|           0.079112|        19.201118
25   |*max_reg[2]           |            4.206203|             7.805610|           0.079112|        12.090924
26   |*max_reg[1]           |            4.206184|             7.805575|           0.079112|        12.090871
27   |*max_reg[0]           |            4.188571|             7.772890|           0.079112|        12.040573
28   |*clk_gate_i_reg       |            2.588510|             1.279242|           0.059138|         3.926889
29   |*i_reg[3]             |            0.664713|             1.478120|           0.079112|         2.221946
30   |*i_reg[2]             |            0.259148|             0.474961|           0.079112|         0.813221
31   |*i_reg[1]             |            0.257770|             0.374049|           0.079112|         0.710932
32   |*i_reg[0]             |            1.661118|             5.857786|           0.079112|         7.598016
33   |*clk_gate_maxIndex_reg|            2.143555|             4.750507|           0.059138|         6.953201
34   |*i_0_0_0              |            0.929750|             0.471561|           0.061230|         1.462541
35   |*i_0_0_1              |            0.313856|             0.166239|           0.061230|         0.541324
36   |*i_0_0_2              |            0.621328|             0.266763|           0.025066|         0.913157
37   |*i_0_0_3              |            0.171812|             0.072443|           0.025066|         0.269322
38   |*i_0_0_4              |            0.410811|             0.220466|           0.027858|         0.659135
39   |*i_0_0_5              |            0.460708|             0.544872|           0.022619|         1.028199
40   |*i_0_0_6              |            1.272650|             0.416905|           0.022695|         1.712250
41   |*i_0_0_7              |            1.387774|             0.845151|           0.022695|         2.255620
42   |*i_0_0_8              |            0.386991|             0.212151|           0.027858|         0.627000
43   |*i_0_0_9              |            0.875006|             0.469848|           0.018105|         1.362959
44   |*i_0_0_10             |            0.040152|             0.054483|           0.032612|         0.127247
45   |*i_0_0_11             |            1.129824|             1.414765|           0.034026|         2.578615
46   |*i_0_0_12             |            1.162665|             1.467821|           0.034026|         2.664512
47   |*i_0_0_13             |            0.984386|             1.380477|           0.027858|         2.392722
48   |*i_0_0_14             |            0.903892|             1.392921|           0.027858|         2.324672
49   |*i_0_0_15             |            1.253950|             1.500315|           0.032612|         2.786877
50   |*i_0_0_16             |            1.330378|             1.383599|           0.033938|         2.747915
51   |*i_0_0_17             |            0.658581|             0.897111|           0.017393|         1.573085
52   |*i_0_0_18             |            1.254603|             1.403696|           0.032612|         2.690911
53   |*i_0_0_19             |            1.331156|             1.297252|           0.033938|         2.662345
54   |*i_0_0_20             |            0.658609|             0.897148|           0.017393|         1.573150
55   |*i_0_0_21             |            1.254576|             1.403696|           0.032612|         2.690883
56   |*i_0_0_22             |            1.331127|             1.297185|           0.033938|         2.662250
57   |*i_0_0_23             |            0.658771|             0.897363|           0.017393|         1.573527
58   |*i_0_0_24             |            1.254927|             1.403958|           0.032612|         2.691497
59   |*i_0_0_25             |            1.329665|             1.297091|           0.033938|         2.660693
60   |*i_0_0_26             |            0.621372|             0.912226|           0.017393|         1.550992
61   |*i_0_0_27             |            1.254618|             1.403958|           0.032612|         2.691189
62   |*i_0_0_28             |            1.003116|             1.266776|           0.022619|         2.292512
63   |*i_0_0_29             |            0.927108|             1.409629|           0.022619|         2.359356
64   |*i_0_0_30             |            1.227237|             1.258900|           0.033938|         2.520075
65   |*i_0_0_31             |            0.665766|             0.989275|           0.017393|         1.672435
66   |*i_0_0_32             |            1.254846|             1.356987|           0.032612|         2.644444
67   |*i_0_0_33             |            0.791771|             0.930233|           0.022039|         1.744043
68   |*i_0_0_34             |            0.598102|             0.971053|           0.021200|         1.590355
69   |*i_0_0_35             |            1.129696|             1.535169|           0.034026|         2.698891
70   |*i_0_0_36             |            1.162665|             1.467821|           0.034026|         2.664512
71   |*i_0_0_37             |            0.984386|             1.380477|           0.027858|         2.392722
72   |*i_0_0_38             |            0.903892|             1.392921|           0.027858|         2.324672
73   |*i_0_0_39             |            1.253950|             1.500315|           0.032612|         2.786877
74   |*i_0_0_40             |            1.330378|             1.383599|           0.033938|         2.747915
75   |*i_0_0_41             |            0.658581|             0.897111|           0.017393|         1.573085
76   |*i_0_0_42             |            1.254603|             1.403696|           0.032612|         2.690911
77   |*i_0_0_43             |            1.331156|             1.297252|           0.033938|         2.662345
78   |*i_0_0_44             |            0.658609|             0.897148|           0.017393|         1.573150
79   |*i_0_0_45             |            1.254576|             1.403696|           0.032612|         2.690883
80   |*i_0_0_46             |            1.331127|             1.297185|           0.033938|         2.662250
81   |*i_0_0_47             |            0.658771|             0.897363|           0.017393|         1.573527
82   |*i_0_0_48             |            1.254927|             1.403958|           0.032612|         2.691497
83   |*i_0_0_49             |            1.329665|             1.297091|           0.033938|         2.660693
84   |*i_0_0_50             |            0.621372|             0.912226|           0.017393|         1.550992
85   |*i_0_0_51             |            1.254618|             1.403958|           0.032612|         2.691189
86   |*i_0_0_52             |            1.003116|             1.266776|           0.022619|         2.292512
87   |*i_0_0_53             |            0.927108|             1.409629|           0.022619|         2.359356
88   |*i_0_0_54             |            1.227237|             1.258900|           0.033938|         2.520075
89   |*i_0_0_55             |            0.665766|             0.989275|           0.017393|         1.672435
90   |*i_0_0_56             |            1.254846|             1.356987|           0.032612|         2.644444
91   |*i_0_0_57             |            0.791771|             0.930233|           0.022039|         1.744043
92   |*i_0_0_58             |            0.598102|             0.971053|           0.021200|         1.590355
93   |*i_0_0_59             |            1.318392|             1.447650|           0.026481|         2.792524
94   |*i_0_0_60             |            0.001468|             0.001613|           0.018105|         0.021186
95   |*i_0_0_61             |            0.703566|             1.177603|           0.017393|         1.898563
96   |*i_0_0_62             |            1.083375|             1.327890|           0.022039|         2.433304
97   |*i_0_0_63             |            0.703749|             1.153624|           0.017393|         1.874767
98   |*i_0_0_64             |            1.330275|             1.388243|           0.033938|         2.752456
99   |*i_0_0_65             |            0.658645|             0.897196|           0.017393|         1.573234
100  |*i_0_0_66             |            1.254942|             1.403959|           0.032612|         2.691513
101  |*i_0_0_67             |            1.330961|             1.297390|           0.033938|         2.662288
102  |*i_0_0_68             |            0.658581|             0.897111|           0.017393|         1.573085
103  |*i_0_0_69             |            1.254603|             1.403696|           0.032612|         2.690911
104  |*i_0_0_70             |            1.331156|             1.297252|           0.033938|         2.662345
105  |*i_0_0_71             |            0.658609|             0.897148|           0.017393|         1.573150
106  |*i_0_0_72             |            1.254576|             1.403696|           0.032612|         2.690883
107  |*i_0_0_73             |            1.331127|             1.297185|           0.033938|         2.662250
108  |*i_0_0_74             |            0.658771|             0.897363|           0.017393|         1.573527
109  |*i_0_0_75             |            1.254927|             1.403958|           0.032612|         2.691497
110  |*i_0_0_76             |            1.329665|             1.297091|           0.033938|         2.660693
111  |*i_0_0_77             |            0.621372|             0.912226|           0.017393|         1.550992
112  |*i_0_0_78             |            1.254618|             1.403958|           0.032612|         2.691189
113  |*i_0_0_79             |            1.003116|             1.266776|           0.022619|         2.292512
114  |*i_0_0_80             |            0.927108|             1.409629|           0.022619|         2.359356
115  |*i_0_0_81             |            1.227237|             1.258900|           0.033938|         2.520075
116  |*i_0_0_82             |            0.665766|             0.989275|           0.017393|         1.672435
117  |*i_0_0_83             |            1.254846|             1.356987|           0.032612|         2.644444
118  |*i_0_0_84             |            0.791771|             0.930233|           0.022039|         1.744043
119  |*i_0_0_85             |            0.040483|             0.041552|           0.018105|         0.100140
120  |*i_0_0_86             |            0.703566|             1.177603|           0.017393|         1.898563
121  |*i_0_0_87             |            1.080509|             1.324513|           0.022039|         2.427061
122  |*i_0_0_88             |            0.703749|             1.153624|           0.017393|         1.874767
123  |*i_0_0_89             |            1.336387|             1.393958|           0.033938|         2.764283
124  |*i_0_0_90             |            0.651222|             0.887375|           0.017393|         1.555991
125  |*i_0_0_91             |            1.254942|             1.403959|           0.032612|         2.691513
126  |*i_0_0_92             |            1.349098|             1.313601|           0.033938|         2.696637
127  |*i_0_0_93             |            0.594267|             0.873982|           0.017393|         1.485642
128  |*i_0_0_94             |            1.254603|             1.403696|           0.032612|         2.690911
129  |*i_0_0_95             |            1.029708|             1.299843|           0.022619|         2.352171
130  |*i_0_0_96             |            0.923017|             1.397210|           0.022619|         2.342846
131  |*i_0_0_97             |            1.327234|             1.354561|           0.033938|         2.715733
132  |*i_0_0_98             |            0.661666|             0.901182|           0.017393|         1.580242
133  |*i_0_0_99             |            1.255097|             1.403180|           0.032612|         2.690889
134  |*i_0_0_100            |            1.322223|             1.289620|           0.033938|         2.645781
135  |*i_0_0_101            |            0.668573|             0.910238|           0.017393|         1.596204
136  |*i_0_0_102            |            1.255103|             1.403958|           0.032612|         2.691673
137  |*i_0_0_103            |            1.301760|             1.271559|           0.033938|         2.607256
138  |*i_0_0_104            |            0.688355|             0.935814|           0.017393|         1.641562
139  |*i_0_0_105            |            1.255921|             1.403955|           0.032612|         2.692489
140  |*i_0_0_106            |            1.227557|             1.203205|           0.033938|         2.464700
141  |*i_0_0_107            |            0.665766|             0.989275|           0.017393|         1.672435
142  |*i_0_0_108            |            1.254846|             1.356987|           0.032612|         2.644444
143  |*i_0_0_109            |            0.791771|             0.930233|           0.022039|         1.744043
144  |*i_0_0_110            |            1.040553|             0.782340|           0.027858|         1.850751
145  |*i_0_0_111            |            0.072173|             0.119492|           0.027858|         0.219523
146  |*i_0_0_112            |            0.112651|             0.181201|           0.022619|         0.316471
147  |*i_0_0_113            |            1.183132|             1.470418|           0.032612|         2.686162
148  |*i_0_0_114            |            1.331658|             1.384868|           0.033938|         2.750464
149  |*i_0_0_115            |            0.657046|             0.895084|           0.017393|         1.569523
150  |*i_0_0_116            |            1.254942|             1.403959|           0.032612|         2.691513
151  |*i_0_0_117            |            1.335213|             1.301102|           0.033938|         2.670253
152  |*i_0_0_118            |            0.653486|             0.890375|           0.017393|         1.561254
153  |*i_0_0_119            |            1.254603|             1.403696|           0.032612|         2.690911
154  |*i_0_0_120            |            1.344279|             1.308674|           0.033938|         2.686891
155  |*i_0_0_121            |            0.595476|             0.875666|           0.017393|         1.488536
156  |*i_0_0_122            |            1.254576|             1.403696|           0.032612|         2.690883
157  |*i_0_0_123            |            1.028060|             1.297795|           0.022619|         2.348475
158  |*i_0_0_124            |            0.928016|             1.405112|           0.022619|         2.355748
159  |*i_0_0_125            |            1.321824|             1.349315|           0.033938|         2.705077
160  |*i_0_0_126            |            0.668573|             0.910238|           0.017393|         1.596204
161  |*i_0_0_127            |            1.255103|             1.403958|           0.032612|         2.691673
162  |*i_0_0_128            |            1.301760|             1.271559|           0.033938|         2.607256
163  |*i_0_0_129            |            0.688355|             0.935814|           0.017393|         1.641562
164  |*i_0_0_130            |            1.255921|             1.403955|           0.032612|         2.692489
165  |*i_0_0_131            |            1.227557|             1.203205|           0.033938|         2.464700
166  |*i_0_0_132            |            0.665766|             0.989275|           0.017393|         1.672435
167  |*i_0_0_133            |            1.254846|             1.356987|           0.032612|         2.644444
168  |*i_0_0_134            |            0.791771|             0.930233|           0.022039|         1.744043
169  |*i_0_0_135            |            0.090297|             0.104754|           0.032601|         0.227652
170  |*i_0_0_136            |            0.028472|             0.040121|           0.027858|         0.096451
171  |*i_0_0_137            |            0.005949|             0.013361|           0.017393|         0.036703
172  |*i_0_0_138            |            1.083696|             1.271008|           0.022039|         2.376743
173  |*i_0_0_139            |            0.703749|             1.153624|           0.017393|         1.874767
174  |*i_0_0_140            |            1.330275|             1.388243|           0.033938|         2.752456
175  |*i_0_0_141            |            0.658645|             0.897196|           0.017393|         1.573234
176  |*i_0_0_142            |            1.254942|             1.403959|           0.032612|         2.691513
177  |*i_0_0_143            |            1.330961|             1.297390|           0.033938|         2.662288
178  |*i_0_0_144            |            0.658581|             0.897111|           0.017393|         1.573085
179  |*i_0_0_145            |            1.254603|             1.403696|           0.032612|         2.690911
180  |*i_0_0_146            |            1.331156|             1.297252|           0.033938|         2.662345
181  |*i_0_0_147            |            0.658609|             0.897148|           0.017393|         1.573150
182  |*i_0_0_148            |            1.254576|             1.403696|           0.032612|         2.690883
183  |*i_0_0_149            |            1.331127|             1.297185|           0.033938|         2.662250
184  |*i_0_0_150            |            0.658771|             0.897363|           0.017393|         1.573527
185  |*i_0_0_151            |            1.254927|             1.403958|           0.032612|         2.691497
186  |*i_0_0_152            |            1.329665|             1.297091|           0.033938|         2.660693
187  |*i_0_0_153            |            0.621372|             0.912226|           0.017393|         1.550992
188  |*i_0_0_154            |            1.254618|             1.403958|           0.032612|         2.691189
189  |*i_0_0_155            |            1.003116|             1.266776|           0.022619|         2.292512
190  |*i_0_0_156            |            0.927108|             1.409629|           0.022619|         2.359356
191  |*i_0_0_157            |            1.227237|             1.258900|           0.033938|         2.520075
192  |*i_0_0_158            |            0.665766|             0.989275|           0.017393|         1.672435
193  |*i_0_0_159            |            1.254846|             1.356987|           0.032612|         2.644444
194  |*i_0_0_160            |            0.791771|             0.930233|           0.022039|         1.744043
195  |*i_0_0_161            |            0.012105|             0.017232|           0.027858|         0.057196
196  |*i_0_0_162            |            0.002174|             0.004896|           0.017393|         0.024463
197  |*i_0_0_163            |            1.083546|             1.270840|           0.022039|         2.376426
198  |*i_0_0_164            |            0.703749|             1.153624|           0.017393|         1.874767
199  |*i_0_0_165            |            1.330601|             1.388548|           0.033938|         2.753087
200  |*i_0_0_166            |            0.658261|             0.896690|           0.017393|         1.572345
201  |*i_0_0_167            |            1.254942|             1.403959|           0.032612|         2.691513
202  |*i_0_0_168            |            1.331991|             1.298290|           0.033938|         2.664219
203  |*i_0_0_169            |            0.657367|             0.895509|           0.017393|         1.570269
204  |*i_0_0_170            |            1.254603|             1.403696|           0.032612|         2.690911
205  |*i_0_0_171            |            1.334395|             1.300079|           0.033938|         2.668412
206  |*i_0_0_172            |            0.654750|             0.892049|           0.017393|         1.564193
207  |*i_0_0_173            |            1.254576|             1.403696|           0.032612|         2.690883
208  |*i_0_0_174            |            1.341189|             1.305948|           0.033938|         2.681075
209  |*i_0_0_175            |            0.599361|             0.881070|           0.017393|         1.497825
210  |*i_0_0_176            |            1.254927|             1.403958|           0.032612|         2.691497
211  |*i_0_0_177            |            1.022905|             1.291386|           0.022619|         2.336910
212  |*i_0_0_178            |            0.928807|             1.407522|           0.022619|         2.358948
213  |*i_0_0_179            |            1.301388|             1.330418|           0.033938|         2.665744
214  |*i_0_0_180            |            0.688355|             0.935814|           0.017393|         1.641562
215  |*i_0_0_181            |            1.255921|             1.403955|           0.032612|         2.692489
216  |*i_0_0_182            |            1.227557|             1.203205|           0.033938|         2.464700
217  |*i_0_0_183            |            0.665766|             0.989275|           0.017393|         1.672435
218  |*i_0_0_184            |            1.254846|             1.356987|           0.032612|         2.644444
219  |*i_0_0_185            |            0.791771|             0.930233|           0.022039|         1.744043
220  |*i_0_0_186            |            0.024719|             0.042476|           0.027858|         0.095054
221  |*i_0_0_187            |            0.038901|             0.062329|           0.022619|         0.123849
222  |*i_0_0_188            |            1.183132|             1.470418|           0.032612|         2.686162
223  |*i_0_0_189            |            1.331658|             1.384868|           0.033938|         2.750464
224  |*i_0_0_190            |            0.657046|             0.895084|           0.017393|         1.569523
225  |*i_0_0_191            |            1.254942|             1.403959|           0.032612|         2.691513
226  |*i_0_0_192            |            1.335213|             1.301102|           0.033938|         2.670253
227  |*i_0_0_193            |            0.653486|             0.890375|           0.017393|         1.561254
228  |*i_0_0_194            |            1.254603|             1.403696|           0.032612|         2.690911
229  |*i_0_0_195            |            1.344279|             1.308674|           0.033938|         2.686891
230  |*i_0_0_196            |            0.595476|             0.875666|           0.017393|         1.488536
231  |*i_0_0_197            |            1.254576|             1.403696|           0.032612|         2.690883
232  |*i_0_0_198            |            1.028060|             1.297795|           0.022619|         2.348475
233  |*i_0_0_199            |            0.928016|             1.405112|           0.022619|         2.355748
234  |*i_0_0_200            |            1.321824|             1.349315|           0.033938|         2.705077
235  |*i_0_0_201            |            0.668573|             0.910238|           0.017393|         1.596204
236  |*i_0_0_202            |            1.255103|             1.403958|           0.032612|         2.691673
237  |*i_0_0_203            |            1.301760|             1.271559|           0.033938|         2.607256
238  |*i_0_0_204            |            0.688355|             0.935814|           0.017393|         1.641562
239  |*i_0_0_205            |            1.255921|             1.403955|           0.032612|         2.692489
240  |*i_0_0_206            |            1.227557|             1.203205|           0.033938|         2.464700
241  |*i_0_0_207            |            0.665766|             0.989275|           0.017393|         1.672435
242  |*i_0_0_208            |            1.254846|             1.356987|           0.032612|         2.644444
243  |*i_0_0_209            |            0.791771|             0.930233|           0.022039|         1.744043
244  |*i_0_0_210            |            0.002548|             0.004612|           0.027858|         0.035018
245  |*i_0_0_211            |            0.004022|             0.006569|           0.022619|         0.033211
246  |*i_0_0_212            |            1.183132|             1.470418|           0.032612|         2.686162
247  |*i_0_0_213            |            1.330306|             1.383605|           0.033938|         2.747849
248  |*i_0_0_214            |            0.658645|             0.897196|           0.017393|         1.573234
249  |*i_0_0_215            |            1.254942|             1.403959|           0.032612|         2.691513
250  |*i_0_0_216            |            1.330961|             1.297390|           0.033938|         2.662288
251  |*i_0_0_217            |            0.658581|             0.897111|           0.017393|         1.573085
252  |*i_0_0_218            |            1.254603|             1.403696|           0.032612|         2.690911
253  |*i_0_0_219            |            1.331156|             1.297252|           0.033938|         2.662345
254  |*i_0_0_220            |            0.658609|             0.897148|           0.017393|         1.573150
255  |*i_0_0_221            |            1.254576|             1.403696|           0.032612|         2.690883
256  |*i_0_0_222            |            1.331127|             1.297185|           0.033938|         2.662250
257  |*i_0_0_223            |            0.658771|             0.897363|           0.017393|         1.573527
258  |*i_0_0_224            |            1.254927|             1.403958|           0.032612|         2.691497
259  |*i_0_0_225            |            1.329665|             1.297091|           0.033938|         2.660693
260  |*i_0_0_226            |            0.621372|             0.912226|           0.017393|         1.550992
261  |*i_0_0_227            |            1.254618|             1.403958|           0.032612|         2.691189
262  |*i_0_0_228            |            1.003116|             1.266776|           0.022619|         2.292512
263  |*i_0_0_229            |            0.927108|             1.409629|           0.022619|         2.359356
264  |*i_0_0_230            |            1.227237|             1.258900|           0.033938|         2.520075
265  |*i_0_0_231            |            0.665766|             0.989275|           0.017393|         1.672435
266  |*i_0_0_232            |            1.254846|             1.356987|           0.032612|         2.644444
267  |*i_0_0_233            |            0.791771|             0.930233|           0.022039|         1.744043
268  |*i_0_0_234            |            1.093185|             0.547096|           0.018105|         1.658386
269  |*i_0_0_235            |            1.828730|             1.508166|           0.041741|         3.378637
270  |*i_0_0_236            |            0.120578|             0.188072|           0.014353|         0.323003
271  |*i_0_0_237            |            0.196390|             1.469277|           0.032612|         1.698279
272  |*i_0_0_238            |            0.041289|             0.035730|           0.047399|         0.124418
273  |*i_0_0_239            |            0.250341|             0.180072|           0.047399|         0.477812
274  |*i_0_0_240            |            0.994437|             0.555211|           0.018105|         1.567752
275  |*i_0_0_241            |            0.045873|             0.043003|           0.047399|         0.136275
276  |*i_0_0_242            |            1.679863|             1.486262|           0.047399|         3.213523
277  |*i_0_0_243            |            0.294925|             0.328190|           0.041741|         0.664856
278  |*i_0_0_244            |            0.068081|             0.106191|           0.014353|         0.188625
279  |*i_0_0_245            |            0.148049|             0.829595|           0.032612|         1.010256
280  |*i_0_0_246            |            0.923033|             0.563259|           0.018105|         1.504398
281  |*i_0_0_247            |            0.285763|             0.244303|           0.047399|         0.577464
282  |*i_0_0_248            |            0.340941|             0.246255|           0.047399|         0.634595
283  |*i_0_0_249            |            1.347067|             1.406508|           0.041741|         2.795316
284  |*i_0_0_250            |            0.625004|             0.974858|           0.014353|         1.614215
285  |*i_0_0_251            |            1.523039|             7.615880|           0.032612|         9.171531
286  |*i_0_0_252            |            1.033650|             0.554787|           0.018105|         1.606542
287  |*i_0_0_253            |            0.234053|             0.236806|           0.041741|         0.512600
288  |*i_0_0_254            |            0.120578|             0.188072|           0.014353|         0.323003
289  |*i_0_0_255            |            0.196390|             1.469277|           0.032612|         1.698279
290  |*i_0_0_256            |            1.676505|             1.488004|           0.047399|         3.211909
291  |*i_0_0_257            |            0.065896|             0.054893|           0.047399|         0.168188
292  |*i_0_0_258            |            0.923033|             0.563259|           0.018105|         1.504398
293  |*i_0_0_259            |            0.285763|             0.244303|           0.047399|         0.577464
294  |*i_0_0_260            |            0.340941|             0.246255|           0.047399|         0.634595
295  |*i_0_0_261            |            1.347067|             1.406508|           0.041741|         2.795316
296  |*i_0_0_262            |            0.625004|             0.974858|           0.014353|         1.614215
297  |*i_0_0_263            |            1.523039|             7.615880|           0.032612|         9.171531
298  |*i_0_0_264            |            0.923033|             0.563259|           0.018105|         1.504398
299  |*i_0_0_265            |            0.285763|             0.244303|           0.047399|         0.577464
300  |*i_0_0_266            |            0.340941|             0.246255|           0.047399|         0.634595
301  |*i_0_0_267            |            1.347067|             1.406508|           0.041741|         2.795316
302  |*i_0_0_268            |            0.625004|             0.974858|           0.014353|         1.614215
303  |*i_0_0_269            |            1.523039|             7.615880|           0.032612|         9.171531
304  |*i_0_0_270            |            0.994437|             0.555211|           0.018105|         1.567752
305  |*i_0_0_271            |            0.045873|             0.043003|           0.047399|         0.136275
306  |*i_0_0_272            |            1.679863|             1.486262|           0.047399|         3.213523
307  |*i_0_0_273            |            0.294925|             0.328190|           0.041741|         0.664856
308  |*i_0_0_274            |            0.068081|             0.106191|           0.014353|         0.188625
309  |*i_0_0_275            |            0.148049|             0.829595|           0.032612|         1.010256
310  |*i_0_0_276            |            0.923033|             0.563259|           0.018105|         1.504398
311  |*i_0_0_277            |            0.285763|             0.244303|           0.047399|         0.577464
312  |*i_0_0_278            |            0.340941|             0.246255|           0.047399|         0.634595
313  |*i_0_0_279            |            1.347067|             1.406508|           0.041741|         2.795316
314  |*i_0_0_280            |            0.625004|             0.974858|           0.014353|         1.614215
315  |*i_0_0_281            |            1.523039|             7.615880|           0.032612|         9.171531
316  |*i_0_0_282            |            1.093185|             0.547096|           0.018105|         1.658386
317  |*i_0_0_283            |            1.828730|             1.508166|           0.041741|         3.378637
318  |*i_0_0_284            |            0.120578|             0.188072|           0.014353|         0.323003
319  |*i_0_0_285            |            0.196390|             1.469277|           0.032612|         1.698279
320  |*i_0_0_286            |            0.041289|             0.035730|           0.047399|         0.124418
321  |*i_0_0_287            |            0.250341|             0.180072|           0.047399|         0.477812
322  |*i_0_0_288            |            0.994437|             0.555211|           0.018105|         1.567752
323  |*i_0_0_289            |            0.045873|             0.043003|           0.047399|         0.136275
324  |*i_0_0_290            |            1.679863|             1.486262|           0.047399|         3.213523
325  |*i_0_0_291            |            0.294925|             0.328190|           0.041741|         0.664856
326  |*i_0_0_292            |            0.068081|             0.106191|           0.014353|         0.188625
327  |*i_0_0_293            |            0.148049|             0.829595|           0.032612|         1.010256
328  |*i_0_0_294            |            1.093185|             0.547096|           0.018105|         1.658386
329  |*i_0_0_295            |            1.828730|             1.508166|           0.041741|         3.378637
330  |*i_0_0_296            |            0.120578|             0.188072|           0.014353|         0.323003
331  |*i_0_0_297            |            0.196390|             1.469277|           0.032612|         1.698279
332  |*i_0_0_298            |            0.041289|             0.035730|           0.047399|         0.124418
333  |*i_0_0_299            |            0.250341|             0.180072|           0.047399|         0.477812
334  |*i_0_0_300            |            0.994437|             0.555211|           0.018105|         1.567752
335  |*i_0_0_301            |            0.045873|             0.043003|           0.047399|         0.136275
336  |*i_0_0_302            |            1.679863|             1.486262|           0.047399|         3.213523
337  |*i_0_0_303            |            0.294925|             0.328190|           0.041741|         0.664856
338  |*i_0_0_304            |            0.068081|             0.106191|           0.014353|         0.188625
339  |*i_0_0_305            |            0.148049|             0.829595|           0.032612|         1.010256
340  |*i_0_0_306            |            0.923033|             0.563259|           0.018105|         1.504398
341  |*i_0_0_307            |            0.285763|             0.244303|           0.047399|         0.577464
342  |*i_0_0_308            |            0.340941|             0.246255|           0.047399|         0.634595
343  |*i_0_0_309            |            1.347067|             1.406508|           0.041741|         2.795316
344  |*i_0_0_310            |            0.625004|             0.974858|           0.014353|         1.614215
345  |*i_0_0_311            |            1.523039|             7.615880|           0.032612|         9.171531
346  |*i_0_0_312            |            0.923033|             0.563259|           0.018105|         1.504398
347  |*i_0_0_313            |            0.285763|             0.244303|           0.047399|         0.577464
348  |*i_0_0_314            |            0.340941|             0.246255|           0.047399|         0.634595
349  |*i_0_0_315            |            1.347067|             1.406508|           0.041741|         2.795316
350  |*i_0_0_316            |            0.625004|             0.974858|           0.014353|         1.614215
351  |*i_0_0_317            |            1.523039|             7.615880|           0.032612|         9.171531
352  |*i_0_0_318            |            1.033650|             0.554787|           0.018105|         1.606542
353  |*i_0_0_319            |            0.234053|             0.236806|           0.041741|         0.512600
354  |*i_0_0_320            |            0.120578|             0.188072|           0.014353|         0.323003
355  |*i_0_0_321            |            0.196390|             1.469277|           0.032612|         1.698279
356  |*i_0_0_322            |            1.676505|             1.488004|           0.047399|         3.211909
357  |*i_0_0_323            |            0.065896|             0.054893|           0.047399|         0.168188
358  |*i_0_0_324            |            1.033650|             0.554787|           0.018105|         1.606542
359  |*i_0_0_325            |            0.234053|             0.236806|           0.041741|         0.512600
360  |*i_0_0_326            |            0.120578|             0.188072|           0.014353|         0.323003
361  |*i_0_0_327            |            0.196390|             1.469277|           0.032612|         1.698279
362  |*i_0_0_328            |            0.085877|             1.986879|           0.026832|         2.099588
363  |*i_0_0_329            |            0.217251|             4.610479|           0.026832|         4.854561
364  |*i_0_0_330            |            0.006151|             0.067507|           0.026481|         0.100140
365  |*i_0_0_331            |            0.222281|             3.251112|           0.026832|         3.500224
366  |*i_0_0_332            |            0.388976|             1.824126|           0.017393|         2.230495
367  |*i_0_0_333            |            1.676505|             1.488004|           0.047399|         3.211909
368  |*i_0_0_334            |            0.011213|             0.268584|           0.021200|         0.300997
369  |*i_0_0_335            |            0.399304|             7.545388|           0.027858|         7.972550
370  |*i_0_0_336            |            0.172226|             0.453199|           0.021200|         0.646625
371  |*i_0_0_337            |            0.026914|             0.531928|           0.026832|         0.585674
372  |*i_0_0_338            |            0.065896|             0.054893|           0.047399|         0.168188
373  |*i_0_0_339            |            0.041681|             0.572443|           0.026832|         0.640955
374  |*i_0_0_340            |            0.007676|             0.103120|           0.026481|         0.137277
375  |*i_0_0_341            |            0.019257|             0.021910|           0.014353|         0.055520
376  |*i_0_0_342            |            0.031452|             0.435927|           0.017393|         0.484773
377  |*i_0_0_343            |            0.006292|             0.113235|           0.026832|         0.146358
378  |*i_0_0_344            |            0.019186|             0.092741|           0.014353|         0.126281
379  |*i_0_0_345            |            0.031258|             0.435764|           0.017393|         0.484415
380  |*i_0_0_346            |            0.224086|             1.269410|           0.026832|         1.520327
381  |*i_0_0_347            |            0.440085|             0.580463|           0.026481|         1.047030
382  |*i_0_0_348            |            0.229526|             1.272378|           0.017393|         1.519298
383  |*i_0_0_349            |            0.355767|             4.262559|           0.021200|         4.639525
384  |*i_0_0_350            |            0.162320|             0.437798|           0.022695|         0.622813
385  |*i_0_0_351            |            0.151382|             0.687578|           0.022695|         0.861655
386  |*i_0_0_352            |            0.929219|             2.918443|           0.014353|         3.862015
387  |*i_0_0_353            |            0.185575|             2.000571|           0.014353|         2.200499
388  |*i_0_0_354            |            1.032934|             1.407863|           0.014353|         2.455151
389  |*i_0_0_355            |            1.032934|             1.407863|           0.014353|         2.455151
390  |*i_0_0_356            |            0.935653|             2.807370|           0.014353|         3.757376
391  |*i_0_0_357            |            1.032934|             1.407863|           0.014353|         2.455151
392  |*i_0_0_358            |            1.029439|             1.453667|           0.014353|         2.497460
393  |*i_0_0_359            |            1.032934|             1.407863|           0.014353|         2.455151
394  |*i_0_0_360            |            1.029439|             1.453667|           0.014353|         2.497460
395  |*i_0_0_361            |            1.032934|             1.407863|           0.014353|         2.455151
396  |*i_0_0_362            |            0.935653|             2.807370|           0.014353|         3.757376
397  |*i_0_0_363            |            1.032934|             1.407863|           0.014353|         2.455151
398  |*i_0_0_364            |            1.032934|             1.407863|           0.014353|         2.455151
399  |*i_0_0_365            |            1.032934|             1.407863|           0.014353|         2.455151
400  |*i_0_0_366            |            1.032934|             1.407863|           0.014353|         2.455151
401  |*i_0_0_367            |            0.935653|             2.807370|           0.014353|         3.757376
402  |*i_0_0_368            |            0.502273|            12.885274|           0.014353|        13.401900
403  |*i_0_0_369            |            0.466727|            25.354837|           0.014353|        25.835918
404  |*i_0_0_370            |            0.476840|            22.021393|           0.014353|        22.512587
405  |*i_0_0_371            |            0.468523|            14.137535|           0.014353|        14.620411
406  |*i_0_0_372            |            0.471105|            23.912292|           0.014353|        24.397751
407  |*i_0_0_373            |            0.468520|            20.240025|           0.014353|        20.722898
408  |*i_0_0_374            |            0.477039|            21.955103|           0.014353|        22.446493
409  |*i_0_0_375            |            0.468525|            18.904255|           0.014353|        19.387135
410  |*i_0_0_376            |            0.474166|            22.151665|           0.014353|        22.640184
411  |*i_0_0_377            |            0.468517|            20.507330|           0.014353|        20.990200
412  |*i_0_0_378            |            0.475849|            21.596895|           0.014353|        22.087097
413  |*i_0_0_379            |            0.476838|            22.021296|           0.014353|        22.512487
414  |*i_0_0_380            |            0.479273|            21.219210|           0.014353|        21.712837
415  |*i_0_0_381            |            0.473969|            22.967903|           0.014353|        23.456228
416  |*i_0_0_382            |            0.476155|            22.238766|           0.014353|        22.729277
417  |*i_0_0_383            |            0.468523|            14.153937|           0.014353|        14.636813
418  |                      |                    |                     |                   |                 
419  |*TOTAL                |          397.341522|           916.845032|          13.023207|      1327.209839
-----+----------------------+--------------------+---------------------+-------------------+-----------------
